[debug] [2025-11-03T12:21:56.239Z] ----------------------------------------------------------------------
[debug] [2025-11-03T12:21:56.248Z] Command:       C:\Users\Admin\3D Objects\node-v20.19.5-win-x64\node.exe C:\Users\Admin\3D Objects\node-v20.19.5-win-x64\node_modules\firebase-tools\lib\bin\firebase.js deploy --only hosting --project money-in-the-bank-app
[debug] [2025-11-03T12:21:56.249Z] CLI Version:   14.23.0
[debug] [2025-11-03T12:21:56.250Z] Platform:      win32
[debug] [2025-11-03T12:21:56.250Z] Node Version:  v20.19.5
[debug] [2025-11-03T12:21:56.250Z] Time:          Mon Nov 03 2025 04:21:56 GMT-0800 (Pacific Standard Time)
[debug] [2025-11-03T12:21:56.251Z] ----------------------------------------------------------------------
[debug] 
[debug] [2025-11-03T12:21:56.889Z] > command requires scopes: ["email","openid","https://www.googleapis.com/auth/cloudplatformprojects.readonly","https://www.googleapis.com/auth/firebase","https://www.googleapis.com/auth/cloud-platform"]
[debug] [2025-11-03T12:21:56.890Z] > authorizing via signed-in user (tinasamuel0001@gmail.com)
[debug] [2025-11-03T12:21:56.891Z] [iam] checking project money-in-the-bank-app for permissions ["firebase.projects.get","firebasehosting.sites.update"]
[debug] [2025-11-03T12:21:56.894Z] Checked if tokens are valid: false, expires at: 1762165057550
[debug] [2025-11-03T12:21:56.895Z] Checked if tokens are valid: false, expires at: 1762165057550
[debug] [2025-11-03T12:21:56.898Z] > refreshing access token with scopes: []
[debug] [2025-11-03T12:21:56.903Z] >>> [apiv2][query] POST https://www.googleapis.com/oauth2/v3/token [none]
[debug] [2025-11-03T12:21:56.904Z] >>> [apiv2][body] POST https://www.googleapis.com/oauth2/v3/token [omitted]
[debug] [2025-11-03T12:21:57.080Z] *** [apiv2] error from fetch(https://www.googleapis.com/oauth2/v3/token, {"headers":{},"method":"POST","body":{"_overheadLength":545,"_valueLength":212,"_valuesToMeasure":[],"writable":false,"readable":true,"dataSize":0,"maxDataSize":2097152,"pauseStreams":true,"_released":true,"_streams":[],"_currentStream":null,"_insideLoop":false,"_pendingNext":false,"_boundary":"--------------------------37ec3fccd11c0fb07f8229c8","_events":{},"_eventsCount":1}}): FetchError: request to https://www.googleapis.com/oauth2/v3/token failed, reason: getaddrinfo ENOTFOUND www.googleapis.com
[error] Authentication Error: Your credentials are no longer valid. Please run firebase login --reauth

For CI servers and headless environments, generate a new token with firebase login:ci
[debug] [2025-11-03T12:21:57.085Z] [iam] error while checking permissions, command may fail: Authentication Error: Your credentials are no longer valid. Please run firebase login --reauth

For CI servers and headless environments, generate a new token with firebase login:ci
[debug] [2025-11-03T12:21:57.086Z] Checked if tokens are valid: false, expires at: 1762165057550
[debug] [2025-11-03T12:21:57.086Z] Checked if tokens are valid: false, expires at: 1762165057550
[debug] [2025-11-03T12:21:57.086Z] > refreshing access token with scopes: []
[debug] [2025-11-03T12:21:57.087Z] >>> [apiv2][query] POST https://www.googleapis.com/oauth2/v3/token [none]
[debug] [2025-11-03T12:21:57.087Z] >>> [apiv2][body] POST https://www.googleapis.com/oauth2/v3/token [omitted]
[debug] [2025-11-03T12:21:57.102Z] *** [apiv2] error from fetch(https://www.googleapis.com/oauth2/v3/token, {"headers":{},"method":"POST","body":{"_overheadLength":545,"_valueLength":212,"_valuesToMeasure":[],"writable":false,"readable":true,"dataSize":0,"maxDataSize":2097152,"pauseStreams":true,"_released":true,"_streams":[],"_currentStream":null,"_insideLoop":false,"_pendingNext":false,"_boundary":"--------------------------be5375a4646c912488f98a46","_events":{},"_eventsCount":1}}): FetchError: request to https://www.googleapis.com/oauth2/v3/token failed, reason: getaddrinfo ENOTFOUND www.googleapis.com
[error] Authentication Error: Your credentials are no longer valid. Please run firebase login --reauth

For CI servers and headless environments, generate a new token with firebase login:ci
[debug] [2025-11-03T12:21:57.104Z] Authentication Error: Your credentials are no longer valid. Please run firebase login --reauth

For CI servers and headless environments, generate a new token with firebase login:ci
[error] 
[error] Error: Assertion failed: resolving hosting target of a site with no site name or target name. This should have caused an error earlier
